Added Component: Designator=C1(C0805)
Added Component: Designator=C2(C0805)
Added Component: Designator=P1(HDR1X4)
Added Component: Designator=P2(PIN1)
Added Component: Designator=P3(PIN1)
Added Component: Designator=R1(J1-0603)
Added Component: Designator=R2(J1-0603)
Added Component: Designator=R3(J1-0603)
Added Component: Designator=U1(TI-D8_N)
Added Pin To Net: NetName=E1 Pin=P2-1
Added Pin To Net: NetName=E1 Pin=U1-2
Added Net: Name=E1
Added Pin To Net: NetName=E2 Pin=P3-1
Added Pin To Net: NetName=E2 Pin=U1-3
Added Net: Name=E2
Added Pin To Net: NetName=GND Pin=C1-2
Added Pin To Net: NetName=GND Pin=C2-2
Added Pin To Net: NetName=GND Pin=P1-2
Added Pin To Net: NetName=GND Pin=U1-5
Added Net: Name=GND
Added Pin To Net: NetName=NetR3_1 Pin=R3-1
Added Pin To Net: NetName=NetR3_1 Pin=U1-8
Added Net: Name=NetR3_1
Added Pin To Net: NetName=NetR3_2 Pin=R3-2
Added Pin To Net: NetName=NetR3_2 Pin=U1-1
Added Net: Name=NetR3_2
Added Pin To Net: NetName=V+ Pin=C1-1
Added Pin To Net: NetName=V+ Pin=P1-1
Added Pin To Net: NetName=V+ Pin=U1-7
Added Net: Name=V+
Added Pin To Net: NetName=V- Pin=C2-1
Added Pin To Net: NetName=V- Pin=P1-3
Added Pin To Net: NetName=V- Pin=U1-4
Added Net: Name=V-
Added Pin To Net: NetName=VOUT Pin=P1-4
Added Pin To Net: NetName=VOUT Pin=U1-6
Added Net: Name=VOUT
Added Class: Name=PreAmp
Added Room: Name=PreAmp
